2022-04-06 11:27:08,165 INFO     [PyInstaller.__main__]  PyInstaller: 4.8
2022-04-06 11:27:08,165 INFO     [PyInstaller.__main__]  Python: 3.8.13 (conda)
2022-04-06 11:27:08,185 INFO     [PyInstaller.__main__]  Platform: Windows-10-10.0.19044-SP0
2022-04-06 11:27:08,185 INFO     [PyInstaller.__main__]  wrote C:\Users\BalchLab\Desktop\Inlinino\Inlinino-v2.7.5.spec
2022-04-06 11:27:08,195 INFO     [PyInstaller.configure]  UPX is not available.
2022-04-06 11:27:08,195 INFO     [PyInstaller.building.build_main]  Removing temporary files and cleaning cache in C:\Users\BalchLab\AppData\Local\pyinstaller
2022-04-06 11:27:08,295 INFO     [PyInstaller.building.build_main]  Extending PYTHONPATH with paths
['C:\\Users\\BalchLab\\Desktop\\Inlinino']
2022-04-06 11:27:08,735 INFO     [PyInstaller.building.datastruct]  checking Analysis
2022-04-06 11:27:08,735 INFO     [PyInstaller.building.datastruct]  Building Analysis because Analysis-00.toc is non existent
2022-04-06 11:27:08,735 INFO     [PyInstaller.depend.analysis]  Initializing module dependency graph...
2022-04-06 11:27:08,745 INFO     [PyInstaller.depend.analysis]  Caching module graph hooks...
2022-04-06 11:27:08,765 INFO     [PyInstaller.depend.analysis]  Analyzing base_library.zip ...
2022-04-06 11:27:12,463 INFO     [PyInstaller.depend.analysis]  Processing pre-find module path hook distutils from 'C:\\Users\\BalchLab\\anaconda3\\envs\\inlinino\\lib\\site-packages\\PyInstaller\\hooks\\pre_find_module_path\\hook-distutils.py'.
2022-04-06 11:27:12,463 INFO     [PyInstaller.utils.hooks]  distutils: retargeting to non-venv dir 'C:\\Users\\BalchLab\\anaconda3\\envs\\inlinino\\lib'
2022-04-06 11:27:16,555 INFO     [PyInstaller.depend.analysis]  Caching module dependency graph...
2022-04-06 11:27:16,915 INFO     [PyInstaller.building.build_main]  running Analysis Analysis-00.toc
2022-04-06 11:27:16,925 INFO     [PyInstaller.depend.bindepend]  Adding Microsoft.Windows.Common-Controls to dependent assemblies of final executable
  required by C:\Users\BalchLab\anaconda3\envs\inlinino\python.exe
2022-04-06 11:27:17,465 INFO     [PyInstaller.building.build_main]  Analyzing C:\Users\BalchLab\Desktop\Inlinino\inlinino\__main__.py
2022-04-06 11:27:19,004 INFO     [PyInstaller.depend.analysis]  Processing pre-find module path hook site from 'C:\\Users\\BalchLab\\anaconda3\\envs\\inlinino\\lib\\site-packages\\PyInstaller\\hooks\\pre_find_module_path\\hook-site.py'.
2022-04-06 11:27:19,004 INFO     [PyInstaller.utils.hooks]  site: retargeting to fake-dir 'C:\\Users\\BalchLab\\anaconda3\\envs\\inlinino\\lib\\site-packages\\PyInstaller\\fake-modules'
2022-04-06 11:27:22,472 INFO     [PyInstaller.depend.analysis]  Processing pre-find module path hook PyQt5.uic.port_v2 from 'C:\\Users\\BalchLab\\anaconda3\\envs\\inlinino\\lib\\site-packages\\PyInstaller\\hooks\\pre_find_module_path\\hook-PyQt5.uic.port_v2.py'.
2022-04-06 11:27:28,279 INFO     [PyInstaller.depend.analysis]  Analyzing hidden import 'pyqtgraph.graphicsItems.ViewBox.axisCtrlTemplate_pyqt5'
2022-04-06 11:27:28,289 INFO     [PyInstaller.depend.analysis]  Analyzing hidden import 'pyqtgraph.graphicsItems.PlotItem.plotConfigTemplate_pyqt5'
2022-04-06 11:27:28,309 INFO     [PyInstaller.depend.analysis]  Analyzing hidden import 'pyqtgraph.imageview.ImageViewTemplate_pyqt5'
2022-04-06 11:27:28,319 INFO     [PyInstaller.depend.analysis]  Processing module hooks...
2022-04-06 11:27:28,319 INFO     [PyInstaller.depend.imphook]  Loading module hook 'hook-difflib.py' from 'C:\\Users\\BalchLab\\anaconda3\\envs\\inlinino\\lib\\site-packages\\PyInstaller\\hooks'...
2022-04-06 11:27:28,329 INFO     [PyInstaller.depend.imphook]  Loading module hook 'hook-distutils.py' from 'C:\\Users\\BalchLab\\anaconda3\\envs\\inlinino\\lib\\site-packages\\PyInstaller\\hooks'...
2022-04-06 11:27:28,329 INFO     [PyInstaller.depend.imphook]  Loading module hook 'hook-distutils.util.py' from 'C:\\Users\\BalchLab\\anaconda3\\envs\\inlinino\\lib\\site-packages\\PyInstaller\\hooks'...
2022-04-06 11:27:28,339 INFO     [PyInstaller.depend.imphook]  Loading module hook 'hook-encodings.py' from 'C:\\Users\\BalchLab\\anaconda3\\envs\\inlinino\\lib\\site-packages\\PyInstaller\\hooks'...
2022-04-06 11:27:28,459 INFO     [PyInstaller.depend.imphook]  Loading module hook 'hook-heapq.py' from 'C:\\Users\\BalchLab\\anaconda3\\envs\\inlinino\\lib\\site-packages\\PyInstaller\\hooks'...
2022-04-06 11:27:28,469 INFO     [PyInstaller.depend.imphook]  Loading module hook 'hook-lib2to3.py' from 'C:\\Users\\BalchLab\\anaconda3\\envs\\inlinino\\lib\\site-packages\\PyInstaller\\hooks'...
2022-04-06 11:27:28,549 INFO     [PyInstaller.depend.imphook]  Loading module hook 'hook-multiprocessing.util.py' from 'C:\\Users\\BalchLab\\anaconda3\\envs\\inlinino\\lib\\site-packages\\PyInstaller\\hooks'...
2022-04-06 11:27:28,559 INFO     [PyInstaller.depend.imphook]  Loading module hook 'hook-numpy.py' from 'C:\\Users\\BalchLab\\anaconda3\\envs\\inlinino\\lib\\site-packages\\PyInstaller\\hooks'...
2022-04-06 11:27:28,779 INFO     [PyInstaller.depend.imphook]  Import to be excluded not found: 'f2py'
2022-04-06 11:27:28,799 INFO     [PyInstaller.depend.imphook]  Loading module hook 'hook-numpy._pytesttester.py' from 'C:\\Users\\BalchLab\\anaconda3\\envs\\inlinino\\lib\\site-packages\\PyInstaller\\hooks'...
2022-04-06 11:27:28,809 INFO     [PyInstaller.depend.imphook]  Loading module hook 'hook-pickle.py' from 'C:\\Users\\BalchLab\\anaconda3\\envs\\inlinino\\lib\\site-packages\\PyInstaller\\hooks'...
2022-04-06 11:27:28,819 INFO     [PyInstaller.depend.imphook]  Loading module hook 'hook-pkg_resources.py' from 'C:\\Users\\BalchLab\\anaconda3\\envs\\inlinino\\lib\\site-packages\\PyInstaller\\hooks'...
2022-04-06 11:27:29,628 WARNING  [PyInstaller.depend.imphook]  Hidden import "pkg_resources.py2_warn" not found!
2022-04-06 11:27:29,628 WARNING  [PyInstaller.depend.imphook]  Hidden import "pkg_resources.py2_warn" not found!
2022-04-06 11:27:29,628 WARNING  [PyInstaller.depend.imphook]  Hidden import "pkg_resources.markers" not found!
2022-04-06 11:27:29,639 INFO     [PyInstaller.depend.imphook]  Loading module hook 'hook-PyQt5.py' from 'C:\\Users\\BalchLab\\anaconda3\\envs\\inlinino\\lib\\site-packages\\PyInstaller\\hooks'...
2022-04-06 11:27:30,068 INFO     [PyInstaller.depend.imphook]  Loading module hook 'hook-PyQt5.QtCore.py' from 'C:\\Users\\BalchLab\\anaconda3\\envs\\inlinino\\lib\\site-packages\\PyInstaller\\hooks'...
2022-04-06 11:27:30,228 INFO     [PyInstaller.depend.imphook]  Loading module hook 'hook-PyQt5.QtGui.py' from 'C:\\Users\\BalchLab\\anaconda3\\envs\\inlinino\\lib\\site-packages\\PyInstaller\\hooks'...
2022-04-06 11:27:30,468 INFO     [PyInstaller.depend.imphook]  Loading module hook 'hook-PyQt5.QtMultimedia.py' from 'C:\\Users\\BalchLab\\anaconda3\\envs\\inlinino\\lib\\site-packages\\PyInstaller\\hooks'...
2022-04-06 11:27:30,968 INFO     [PyInstaller.depend.imphook]  Loading module hook 'hook-PyQt5.QtNetwork.py' from 'C:\\Users\\BalchLab\\anaconda3\\envs\\inlinino\\lib\\site-packages\\PyInstaller\\hooks'...
2022-04-06 11:27:31,408 INFO     [PyInstaller.depend.imphook]  Loading module hook 'hook-PyQt5.QtSvg.py' from 'C:\\Users\\BalchLab\\anaconda3\\envs\\inlinino\\lib\\site-packages\\PyInstaller\\hooks'...
2022-04-06 11:27:31,807 INFO     [PyInstaller.depend.imphook]  Loading module hook 'hook-PyQt5.QtTest.py' from 'C:\\Users\\BalchLab\\anaconda3\\envs\\inlinino\\lib\\site-packages\\PyInstaller\\hooks'...
2022-04-06 11:27:32,217 INFO     [PyInstaller.depend.imphook]  Loading module hook 'hook-PyQt5.QtWidgets.py' from 'C:\\Users\\BalchLab\\anaconda3\\envs\\inlinino\\lib\\site-packages\\PyInstaller\\hooks'...
2022-04-06 11:27:32,597 INFO     [PyInstaller.depend.imphook]  Loading module hook 'hook-PyQt5.uic.py' from 'C:\\Users\\BalchLab\\anaconda3\\envs\\inlinino\\lib\\site-packages\\PyInstaller\\hooks'...
2022-04-06 11:27:32,607 INFO     [PyInstaller.depend.imphook]  Loading module hook 'hook-scipy.io.matlab.py' from 'C:\\Users\\BalchLab\\anaconda3\\envs\\inlinino\\lib\\site-packages\\PyInstaller\\hooks'...
2022-04-06 11:27:32,617 INFO     [PyInstaller.depend.imphook]  Loading module hook 'hook-scipy.linalg.py' from 'C:\\Users\\BalchLab\\anaconda3\\envs\\inlinino\\lib\\site-packages\\PyInstaller\\hooks'...
2022-04-06 11:27:32,617 INFO     [PyInstaller.depend.imphook]  Loading module hook 'hook-scipy.py' from 'C:\\Users\\BalchLab\\anaconda3\\envs\\inlinino\\lib\\site-packages\\PyInstaller\\hooks'...
2022-04-06 11:27:32,627 INFO     [PyInstaller.depend.imphook]  Loading module hook 'hook-scipy.sparse.csgraph.py' from 'C:\\Users\\BalchLab\\anaconda3\\envs\\inlinino\\lib\\site-packages\\PyInstaller\\hooks'...
2022-04-06 11:27:32,627 INFO     [PyInstaller.depend.imphook]  Loading module hook 'hook-scipy.spatial.transform.rotation.py' from 'C:\\Users\\BalchLab\\anaconda3\\envs\\inlinino\\lib\\site-packages\\PyInstaller\\hooks'...
2022-04-06 11:27:32,697 INFO     [PyInstaller.depend.imphook]  Loading module hook 'hook-scipy.special._ellip_harm_2.py' from 'C:\\Users\\BalchLab\\anaconda3\\envs\\inlinino\\lib\\site-packages\\PyInstaller\\hooks'...
2022-04-06 11:27:35,645 INFO     [PyInstaller.depend.imphook]  Loading module hook 'hook-scipy.special._ufuncs.py' from 'C:\\Users\\BalchLab\\anaconda3\\envs\\inlinino\\lib\\site-packages\\PyInstaller\\hooks'...
2022-04-06 11:27:35,645 INFO     [PyInstaller.depend.imphook]  Loading module hook 'hook-scipy.stats._stats.py' from 'C:\\Users\\BalchLab\\anaconda3\\envs\\inlinino\\lib\\site-packages\\PyInstaller\\hooks'...
2022-04-06 11:27:35,645 INFO     [PyInstaller.depend.imphook]  Loading module hook 'hook-setuptools.py' from 'C:\\Users\\BalchLab\\anaconda3\\envs\\inlinino\\lib\\site-packages\\PyInstaller\\hooks'...
2022-04-06 11:27:36,765 INFO     [PyInstaller.depend.imphook]  Loading module hook 'hook-sysconfig.py' from 'C:\\Users\\BalchLab\\anaconda3\\envs\\inlinino\\lib\\site-packages\\PyInstaller\\hooks'...
2022-04-06 11:27:36,765 INFO     [PyInstaller.depend.imphook]  Loading module hook 'hook-xml.dom.domreg.py' from 'C:\\Users\\BalchLab\\anaconda3\\envs\\inlinino\\lib\\site-packages\\PyInstaller\\hooks'...
2022-04-06 11:27:36,765 INFO     [PyInstaller.depend.imphook]  Loading module hook 'hook-xml.etree.cElementTree.py' from 'C:\\Users\\BalchLab\\anaconda3\\envs\\inlinino\\lib\\site-packages\\PyInstaller\\hooks'...
2022-04-06 11:27:36,775 INFO     [PyInstaller.depend.imphook]  Loading module hook 'hook-xml.py' from 'C:\\Users\\BalchLab\\anaconda3\\envs\\inlinino\\lib\\site-packages\\PyInstaller\\hooks'...
2022-04-06 11:27:36,775 INFO     [PyInstaller.depend.imphook]  Loading module hook 'hook-_tkinter.py' from 'C:\\Users\\BalchLab\\anaconda3\\envs\\inlinino\\lib\\site-packages\\PyInstaller\\hooks'...
2022-04-06 11:27:37,015 INFO     [PyInstaller.building.datastruct]  checking Tree
2022-04-06 11:27:37,015 INFO     [PyInstaller.building.datastruct]  Building Tree because Tree-00.toc is non existent
2022-04-06 11:27:37,015 INFO     [PyInstaller.building.datastruct]  Building Tree Tree-00.toc
2022-04-06 11:27:37,204 INFO     [PyInstaller.building.datastruct]  checking Tree
2022-04-06 11:27:37,204 INFO     [PyInstaller.building.datastruct]  Building Tree because Tree-01.toc is non existent
2022-04-06 11:27:37,204 INFO     [PyInstaller.building.datastruct]  Building Tree Tree-01.toc
2022-04-06 11:27:37,354 INFO     [PyInstaller.building.datastruct]  checking Tree
2022-04-06 11:27:37,354 INFO     [PyInstaller.building.datastruct]  Building Tree because Tree-02.toc is non existent
2022-04-06 11:27:37,354 INFO     [PyInstaller.building.datastruct]  Building Tree Tree-02.toc
2022-04-06 11:27:37,364 INFO     [PyInstaller.depend.imphook]  Loading module hook 'hook-setuptools.msvc.py' from 'C:\\Users\\BalchLab\\anaconda3\\envs\\inlinino\\lib\\site-packages\\PyInstaller\\hooks'...
2022-04-06 11:27:37,464 INFO     [PyInstaller.building.build_main]  Looking for ctypes DLLs
2022-04-06 11:27:37,504 WARNING  [PyInstaller.depend.utils]  Ignoring /System/Library/Frameworks/IOKit.framework/IOKit imported from C:\Users\BalchLab\anaconda3\envs\inlinino\lib\site-packages\serial\tools\list_ports_osx.py - only basenames are supported with ctypes imports!
2022-04-06 11:27:37,514 WARNING  [PyInstaller.depend.utils]  Ignoring /System/Library/Frameworks/CoreFoundation.framework/CoreFoundation imported from C:\Users\BalchLab\anaconda3\envs\inlinino\lib\site-packages\serial\tools\list_ports_osx.py - only basenames are supported with ctypes imports!
2022-04-06 11:27:37,594 INFO     [PyInstaller.depend.analysis]  Analyzing run-time hooks ...
2022-04-06 11:27:37,614 INFO     [PyInstaller.depend.analysis]  Including run-time hook 'C:\\Users\\BalchLab\\anaconda3\\envs\\inlinino\\lib\\site-packages\\PyInstaller\\hooks\\rthooks\\pyi_rth_subprocess.py'
2022-04-06 11:27:37,614 INFO     [PyInstaller.depend.analysis]  Including run-time hook 'C:\\Users\\BalchLab\\anaconda3\\envs\\inlinino\\lib\\site-packages\\PyInstaller\\hooks\\rthooks\\pyi_rth_pkgutil.py'
2022-04-06 11:27:37,624 INFO     [PyInstaller.depend.analysis]  Including run-time hook 'C:\\Users\\BalchLab\\anaconda3\\envs\\inlinino\\lib\\site-packages\\PyInstaller\\hooks\\rthooks\\pyi_rth_multiprocessing.py'
2022-04-06 11:27:37,634 INFO     [PyInstaller.depend.analysis]  Including run-time hook 'C:\\Users\\BalchLab\\anaconda3\\envs\\inlinino\\lib\\site-packages\\PyInstaller\\hooks\\rthooks\\pyi_rth_inspect.py'
2022-04-06 11:27:37,634 INFO     [PyInstaller.depend.analysis]  Including run-time hook 'C:\\Users\\BalchLab\\anaconda3\\envs\\inlinino\\lib\\site-packages\\PyInstaller\\hooks\\rthooks\\pyi_rth_win32api.py'
2022-04-06 11:27:37,644 INFO     [PyInstaller.depend.analysis]  Including run-time hook 'C:\\Users\\BalchLab\\anaconda3\\envs\\inlinino\\lib\\site-packages\\PyInstaller\\hooks\\rthooks\\pyi_rth_pyqt5.py'
2022-04-06 11:27:37,674 INFO     [PyInstaller.building.build_main]  Looking for dynamic libraries
2022-04-06 11:27:41,082 INFO     [PyInstaller.building.build_main]  Looking for eggs
2022-04-06 11:27:41,082 INFO     [PyInstaller.building.build_main]  Using Python library C:\Users\BalchLab\anaconda3\envs\inlinino\python38.dll
2022-04-06 11:27:41,082 INFO     [PyInstaller.building.build_main]  Found binding redirects: 
[]
2022-04-06 11:27:41,112 INFO     [PyInstaller.building.build_main]  Warnings written to C:\Users\BalchLab\Desktop\Inlinino\build\Inlinino-v2.7.5\warn-Inlinino-v2.7.5.txt
2022-04-06 11:27:41,342 INFO     [PyInstaller.building.build_main]  Graph cross-reference written to C:\Users\BalchLab\Desktop\Inlinino\build\Inlinino-v2.7.5\xref-Inlinino-v2.7.5.html
2022-04-06 11:27:41,402 INFO     [PyInstaller.building.build_main]  Appending 'datas' from .spec
2022-04-06 11:27:41,422 INFO     [PyInstaller.building.datastruct]  checking PYZ
2022-04-06 11:27:41,422 INFO     [PyInstaller.building.datastruct]  Building PYZ because PYZ-00.toc is non existent
2022-04-06 11:27:41,422 INFO     [PyInstaller.building.api]  Building PYZ (ZlibArchive) C:\Users\BalchLab\Desktop\Inlinino\build\Inlinino-v2.7.5\PYZ-00.pyz
2022-04-06 11:27:43,619 INFO     [PyInstaller.building.api]  Building PYZ (ZlibArchive) C:\Users\BalchLab\Desktop\Inlinino\build\Inlinino-v2.7.5\PYZ-00.pyz completed successfully.
2022-04-06 11:27:43,671 INFO     [PyInstaller.building.datastruct]  checking PKG
2022-04-06 11:27:43,671 INFO     [PyInstaller.building.datastruct]  Building PKG because PKG-00.toc is non existent
2022-04-06 11:27:43,681 INFO     [PyInstaller.building.api]  Building PKG (CArchive) Inlinino-v2.7.5.pkg
2022-04-06 11:27:43,891 INFO     [PyInstaller.building.api]  Building PKG (CArchive) Inlinino-v2.7.5.pkg completed successfully.
2022-04-06 11:27:43,901 INFO     [PyInstaller.building.api]  Bootloader C:\Users\BalchLab\anaconda3\envs\inlinino\lib\site-packages\PyInstaller\bootloader\Windows-64bit\runw.exe
2022-04-06 11:27:43,901 INFO     [PyInstaller.building.datastruct]  checking EXE
2022-04-06 11:27:43,901 INFO     [PyInstaller.building.datastruct]  Building EXE because EXE-00.toc is non existent
2022-04-06 11:27:43,911 INFO     [PyInstaller.building.api]  Building EXE from EXE-00.toc
2022-04-06 11:27:43,921 INFO     [PyInstaller.building.api]  Copying bootloader EXE to C:\Users\BalchLab\Desktop\Inlinino\build\Inlinino-v2.7.5\Inlinino-v2.7.5.exe
2022-04-06 11:27:44,090 INFO     [PyInstaller.building.api]  Copying icon to EXE
2022-04-06 11:27:44,090 INFO     [PyInstaller.utils.win32.icon]  Copying icons from ['inlinino\\resources\\inlinino.ico']
2022-04-06 11:27:44,200 INFO     [PyInstaller.utils.win32.icon]  Writing RT_GROUP_ICON 0 resource with 90 bytes
2022-04-06 11:27:44,200 INFO     [PyInstaller.utils.win32.icon]  Writing RT_ICON 1 resource with 270376 bytes
2022-04-06 11:27:44,200 INFO     [PyInstaller.utils.win32.icon]  Writing RT_ICON 2 resource with 67624 bytes
2022-04-06 11:27:44,210 INFO     [PyInstaller.utils.win32.icon]  Writing RT_ICON 3 resource with 16936 bytes
2022-04-06 11:27:44,210 INFO     [PyInstaller.utils.win32.icon]  Writing RT_ICON 4 resource with 9640 bytes
2022-04-06 11:27:44,210 INFO     [PyInstaller.utils.win32.icon]  Writing RT_ICON 5 resource with 4264 bytes
2022-04-06 11:27:44,210 INFO     [PyInstaller.utils.win32.icon]  Writing RT_ICON 6 resource with 1128 bytes
2022-04-06 11:27:44,220 INFO     [PyInstaller.building.api]  Copying 0 resources to EXE
2022-04-06 11:27:44,220 INFO     [PyInstaller.building.api]  Emedding manifest in EXE
2022-04-06 11:27:44,220 INFO     [PyInstaller.utils.win32.winmanifest]  Updating manifest in C:\Users\BalchLab\Desktop\Inlinino\build\Inlinino-v2.7.5\Inlinino-v2.7.5.exe
2022-04-06 11:27:44,340 INFO     [PyInstaller.utils.win32.winresource]  Updating resource type 24 name 1 language 0
2022-04-06 11:27:44,340 INFO     [PyInstaller.building.api]  Appending PKG archive to EXE
2022-04-06 11:27:48,176 INFO     [PyInstaller.building.api]  Building EXE from EXE-00.toc completed successfully.
2022-04-06 11:27:48,186 INFO     [PyInstaller.building.datastruct]  checking COLLECT
2022-04-06 11:27:48,186 INFO     [PyInstaller.building.datastruct]  Building COLLECT because COLLECT-00.toc is non existent
2022-04-06 11:27:48,186 INFO     [PyInstaller.building.api]  Building COLLECT COLLECT-00.toc
2022-04-06 11:28:10,854 INFO     [PyInstaller.building.api]  Building COLLECT COLLECT-00.toc completed successfully.
